Grading at Mon Jul 23 16:39:20 UTC 2018
Trying to compile your code and link with squares_test.o
squares_test.o: In function `main':
squares_test.c:(.text+0xe2): multiple definition of `main'
/tmp/ccnYo3MN.o:squares.c:(.text+0x151): first defined here
collect2: error: ld returned 1 exit status
Could not compile your code

Overall Grade: FAILED
